This is pdfTeX, Version 3.14159265-2.6-1.40.18 (TeX Live 2017/Debian) (preloaded format=pdftex 2020.4.17)  18 APR 2020 13:51
entering extended mode
 restricted \write18 enabled.
 %&-line parsing enabled.
**pedigree.tex
(./pedigree.tex
! Undefined control sequence.
l.1 \documenclass
                 [letterpaper]{document}
? 
! Undefined control sequence.
l.3 \section
            
? 
! Undefined control sequence.
l.5 \endsection
               
? 
[1{/var/lib/texmf/fonts/map/pdftex/updmap/pdftex.map}] )</usr/share/texlive/tex
mf-dist/fonts/type1/public/amsfonts/cm/cmr10.pfb>
Output written on pedigree.pdf (1 page, 13714 bytes).
PDF statistics:
 12 PDF objects out of 1000 (max. 8388607)
 7 compressed objects within 1 object stream
 0 named destinations out of 1000 (max. 500000)
 1 words of extra memory for PDF output out of 10000 (max. 10000000)

